<?xml version="1.0" encoding="UTF-8"?>
<testng-results ignored="0" total="1" passed="1" failed="0" skipped="0">
  <reporter-output>
  </reporter-output>
  <suite started-at="2023-06-09T17:48:28 IST" name="Default suite" finished-at="2023-06-09T17:48:54 IST" duration-ms="25816">
    <groups>
    </groups>
    <test started-at="2023-06-09T17:48:28 IST" name="Default test" finished-at="2023-06-09T17:48:54 IST" duration-ms="25816">
      <class name="com.tutorialsninja.qa.testcases.Login">
        <test-method signature="verifyLogin()[pri:0, instance:com.tutorialsninja.qa.testcases.Login@53aac487]" started-at="2023-06-09T17:48:28 IST" name="verifyLogin" finished-at="2023-06-09T17:48:54 IST" duration-ms="25727" status="PASS">
          <reporter-output>
          </reporter-output>
        </test-method> <!-- verifyLogin -->
      </class> <!-- com.tutorialsninja.qa.testcases.Login -->
    </test> <!-- Default test -->
  </suite> <!-- Default suite -->
</testng-results>
